{"timestamp":"2026-06-18T22:51:13.169252Z","level":"info","event":"2026-06-18T22:51:13.168807Z [info     ] ::group::Pre Execute           [task] loc=task_runner.py:1926","logger":"task.stdout"}
{"timestamp":"2026-06-18T22:51:13.596074Z","level":"info","event":"setup plugin alembic.autogenerate.schemas","logger":"alembic.runtime.plugins","map_index":-1,"ti_id":"019edcee-14a7-7da7-9017-7e79696c4978","try_number":1,"dag_id":"weather_etl_pipeline","task_id":"view_database_data","run_id":"manual__2026-06-18T22:50:50.885794+00:00","filename":"plugins.py","lineno":37}
{"timestamp":"2026-06-18T22:51:13.596342Z","level":"info","event":"setup plugin alembic.autogenerate.tables","logger":"alembic.runtime.plugins","map_index":-1,"ti_id":"019edcee-14a7-7da7-9017-7e79696c4978","try_number":1,"dag_id":"weather_etl_pipeline","task_id":"view_database_data","run_id":"manual__2026-06-18T22:50:50.885794+00:00","filename":"plugins.py","lineno":37}
{"timestamp":"2026-06-18T22:51:13.596503Z","level":"info","event":"setup plugin alembic.autogenerate.types","logger":"alembic.runtime.plugins","map_index":-1,"ti_id":"019edcee-14a7-7da7-9017-7e79696c4978","try_number":1,"dag_id":"weather_etl_pipeline","task_id":"view_database_data","run_id":"manual__2026-06-18T22:50:50.885794+00:00","filename":"plugins.py","lineno":37}
{"timestamp":"2026-06-18T22:51:13.596639Z","level":"info","event":"setup plugin alembic.autogenerate.constraints","logger":"alembic.runtime.plugins","map_index":-1,"ti_id":"019edcee-14a7-7da7-9017-7e79696c4978","try_number":1,"dag_id":"weather_etl_pipeline","task_id":"view_database_data","run_id":"manual__2026-06-18T22:50:50.885794+00:00","filename":"plugins.py","lineno":37}
{"timestamp":"2026-06-18T22:51:13.596766Z","level":"info","event":"setup plugin alembic.autogenerate.defaults","logger":"alembic.runtime.plugins","map_index":-1,"ti_id":"019edcee-14a7-7da7-9017-7e79696c4978","try_number":1,"dag_id":"weather_etl_pipeline","task_id":"view_database_data","run_id":"manual__2026-06-18T22:50:50.885794+00:00","filename":"plugins.py","lineno":37}
{"timestamp":"2026-06-18T22:51:13.596897Z","level":"info","event":"setup plugin alembic.autogenerate.comments","logger":"alembic.runtime.plugins","map_index":-1,"ti_id":"019edcee-14a7-7da7-9017-7e79696c4978","try_number":1,"dag_id":"weather_etl_pipeline","task_id":"view_database_data","run_id":"manual__2026-06-18T22:50:50.885794+00:00","filename":"plugins.py","lineno":37}
{"timestamp":"2026-06-18T22:51:13.811008Z","level":"info","event":"DAG bundles loaded: dags-folder","map_index":-1,"ti_id":"019edcee-14a7-7da7-9017-7e79696c4978","try_number":1,"dag_id":"weather_etl_pipeline","task_id":"view_database_data","run_id":"manual__2026-06-18T22:50:50.885794+00:00","logger":"airflow.dag_processing.bundles.manager.DagBundlesManager","filename":"manager.py","lineno":209}
{"timestamp":"2026-06-18T22:51:13.812016Z","level":"info","event":"Filling up the DagBag from /Users/tiamuller/climains_weather_pipeline/airflow/dags/weather_etl.py","map_index":-1,"ti_id":"019edcee-14a7-7da7-9017-7e79696c4978","try_number":1,"dag_id":"weather_etl_pipeline","task_id":"view_database_data","run_id":"manual__2026-06-18T22:50:50.885794+00:00","logger":"airflow.dag_processing.dagbag.BundleDagBag","filename":"dagbag.py","lineno":469}
{"timestamp":"2026-06-18T22:51:13.844214Z","level":"info","event":"Added /Users/tiamuller to sys.path","logger":"task.stdout"}
{"timestamp":"2026-06-18T22:51:14.526547Z","level":"info","event":"::endgroup::","map_index":-1,"ti_id":"019edcee-14a7-7da7-9017-7e79696c4978","try_number":1,"dag_id":"weather_etl_pipeline","task_id":"view_database_data","run_id":"manual__2026-06-18T22:50:50.885794+00:00","logger":"task","filename":"task_runner.py","lineno":1727}
{"timestamp":"2026-06-18T22:51:14.617881Z","level":"info","event":"","logger":"task.stdout"}
{"timestamp":"2026-06-18T22:51:14.618217Z","level":"info","event":"=================== CLIMIANS_DB: DAILY_WEATHER ===================","logger":"task.stdout"}
{"timestamp":"2026-06-18T22:51:14.618380Z","level":"info","event":"Total rows found: 2","logger":"task.stdout"}
{"timestamp":"2026-06-18T22:51:14.627381Z","level":"info","event":"    City                     Region  Temperature  Humidity  Wind Degree  Wind Speed (kph) Wind Direction              Date","logger":"task.stdout"}
{"timestamp":"2026-06-18T22:51:14.627691Z","level":"info","event":"0  Abuja  Federal Capital Territory           21        94           69                11            ENE  2026-06-18 23:48","logger":"task.stdout"}
{"timestamp":"2026-06-18T22:51:14.627847Z","level":"info","event":"1  Lagos                      Lagos           27        89          207                19            SSW  2026-06-18 23:49","logger":"task.stdout"}
{"timestamp":"2026-06-18T22:51:14.627982Z","level":"info","event":"==================================================================","logger":"task.stdout"}
{"timestamp":"2026-06-18T22:51:14.628112Z","level":"info","event":"","logger":"task.stdout"}
{"timestamp":"2026-06-18T22:51:14.628195Z","level":"info","event":"Done. Returned value was: None","map_index":-1,"ti_id":"019edcee-14a7-7da7-9017-7e79696c4978","try_number":1,"dag_id":"weather_etl_pipeline","task_id":"view_database_data","run_id":"manual__2026-06-18T22:50:50.885794+00:00","logger":"airflow.task.operators.airflow.providers.standard.operators.python.PythonOperator","filename":"python.py","lineno":233}
{"timestamp":"2026-06-18T22:51:14.628379Z","level":"info","event":"::group::Post Execute","map_index":-1,"ti_id":"019edcee-14a7-7da7-9017-7e79696c4978","try_number":1,"dag_id":"weather_etl_pipeline","task_id":"view_database_data","run_id":"manual__2026-06-18T22:50:50.885794+00:00","logger":"task","filename":"task_runner.py","lineno":1288}
{"timestamp":"2026-06-18T22:51:14.646666Z","level":"info","event":"::endgroup::","map_index":-1,"ti_id":"019edcee-14a7-7da7-9017-7e79696c4978","try_number":1,"dag_id":"weather_etl_pipeline","task_id":"view_database_data","run_id":"manual__2026-06-18T22:50:50.885794+00:00","logger":"task","filename":"task_runner.py","lineno":1896}
